0 info it worked if it ends with ok
1 verbose cli [ 'C:\\Program Files\\nodejs\\node.exe',
1 verbose cli   'C:\\Program Files\\nodejs\\node_modules\\npm\\bin\\npm-cli.js',
1 verbose cli   'install' ]
2 info using npm@3.10.10
3 info using node@v6.11.4
4 silly loadCurrentTree Starting
5 silly install loadCurrentTree
6 silly install readLocalPackageData
7 silly install normalizeTree
8 silly loadCurrentTree Finishing
9 silly loadIdealTree Starting
10 silly install loadIdealTree
11 silly cloneCurrentTree Starting
12 silly install cloneCurrentTreeToIdealTree
13 silly cloneCurrentTree Finishing
14 silly loadShrinkwrap Starting
15 silly install loadShrinkwrap
16 silly loadShrinkwrap Finishing
17 silly loadAllDepsIntoIdealTree Starting
18 silly install loadAllDepsIntoIdealTree
19 silly fetchNamedPackageData @types/jquery
20 silly mapToRegistry name @types/jquery
21 silly mapToRegistry scope (from package name) @types
22 verbose mapToRegistry no registry URL found in name for scope @types
23 silly mapToRegistry using default registry
24 silly mapToRegistry registry https://registry.npmjs.org/
25 silly mapToRegistry data Result {
25 silly mapToRegistry   raw: '@types/jquery',
25 silly mapToRegistry   scope: '@types',
25 silly mapToRegistry   escapedName: '@types%2fjquery',
25 silly mapToRegistry   name: '@types/jquery',
25 silly mapToRegistry   rawSpec: '',
25 silly mapToRegistry   spec: 'latest',
25 silly mapToRegistry   type: 'tag' }
26 silly mapToRegistry uri https://registry.npmjs.org/@types%2fjquery
27 silly fetchNamedPackageData bootstrap
28 silly mapToRegistry name bootstrap
29 silly mapToRegistry using default registry
30 silly mapToRegistry registry https://registry.npmjs.org/
31 silly mapToRegistry data Result {
31 silly mapToRegistry   raw: 'bootstrap',
31 silly mapToRegistry   scope: null,
31 silly mapToRegistry   escapedName: 'bootstrap',
31 silly mapToRegistry   name: 'bootstrap',
31 silly mapToRegistry   rawSpec: '',
31 silly mapToRegistry   spec: 'latest',
31 silly mapToRegistry   type: 'tag' }
32 silly mapToRegistry uri https://registry.npmjs.org/bootstrap
33 silly fetchNamedPackageData jquery
34 silly mapToRegistry name jquery
35 silly mapToRegistry using default registry
36 silly mapToRegistry registry https://registry.npmjs.org/
37 silly mapToRegistry data Result {
37 silly mapToRegistry   raw: 'jquery',
37 silly mapToRegistry   scope: null,
37 silly mapToRegistry   escapedName: 'jquery',
37 silly mapToRegistry   name: 'jquery',
37 silly mapToRegistry   rawSpec: '',
37 silly mapToRegistry   spec: 'latest',
37 silly mapToRegistry   type: 'tag' }
38 silly mapToRegistry uri https://registry.npmjs.org/jquery
39 verbose request uri https://registry.npmjs.org/@types%2fjquery
40 verbose request no auth needed
41 info attempt registry request try #1 at 11:52:33
42 verbose request id 2972be219bac4c19
43 http request GET https://registry.npmjs.org/@types%2fjquery
44 verbose request uri https://registry.npmjs.org/bootstrap
45 verbose request no auth needed
46 info attempt registry request try #1 at 11:52:33
47 http request GET https://registry.npmjs.org/bootstrap
48 verbose request uri https://registry.npmjs.org/jquery
49 verbose request no auth needed
50 info attempt registry request try #1 at 11:52:33
51 http request GET https://registry.npmjs.org/jquery
52 http 200 https://registry.npmjs.org/bootstrap
53 verbose headers { server: 'nginx/1.10.1',
53 verbose headers   'content-type': 'application/json',
53 verbose headers   'last-modified': 'Thu, 09 Nov 2017 02:58:57 GMT',
53 verbose headers   etag: 'W/"5a03c471-105e7"',
53 verbose headers   'content-encoding': 'gzip',
53 verbose headers   'cache-control': 'max-age=300',
53 verbose headers   'content-length': '12851',
53 verbose headers   'accept-ranges': 'bytes',
53 verbose headers   date: 'Sat, 11 Nov 2017 14:52:25 GMT',
53 verbose headers   via: '1.1 varnish',
53 verbose headers   age: '182',
53 verbose headers   connection: 'keep-alive',
53 verbose headers   'x-served-by': 'cache-gru17134-GRU',
53 verbose headers   'x-cache': 'HIT',
53 verbose headers   'x-cache-hits': '3',
53 verbose headers   'x-timer': 'S1510411946.758707,VS0,VE0',
53 verbose headers   vary: 'Accept-Encoding, Accept' }
54 silly get cb [ 200,
54 silly get   { server: 'nginx/1.10.1',
54 silly get     'content-type': 'application/json',
54 silly get     'last-modified': 'Thu, 09 Nov 2017 02:58:57 GMT',
54 silly get     etag: 'W/"5a03c471-105e7"',
54 silly get     'content-encoding': 'gzip',
54 silly get     'cache-control': 'max-age=300',
54 silly get     'content-length': '12851',
54 silly get     'accept-ranges': 'bytes',
54 silly get     date: 'Sat, 11 Nov 2017 14:52:25 GMT',
54 silly get     via: '1.1 varnish',
54 silly get     age: '182',
54 silly get     connection: 'keep-alive',
54 silly get     'x-served-by': 'cache-gru17134-GRU',
54 silly get     'x-cache': 'HIT',
54 silly get     'x-cache-hits': '3',
54 silly get     'x-timer': 'S1510411946.758707,VS0,VE0',
54 silly get     vary: 'Accept-Encoding, Accept' } ]
55 verbose get saving bootstrap to C:\Users\fvg\AppData\Roaming\npm-cache\registry.npmjs.org\bootstrap\.cache.json
56 verbose correctMkdir C:\Users\fvg\AppData\Roaming\npm-cache correctMkdir not in flight; initializing
57 http 200 https://registry.npmjs.org/jquery
58 verbose headers { server: 'nginx/1.10.3',
58 verbose headers   'content-type': 'application/json',
58 verbose headers   'last-modified': 'Fri, 10 Nov 2017 01:44:32 GMT',
58 verbose headers   etag: 'W/"5a050480-16374"',
58 verbose headers   'content-encoding': 'gzip',
58 verbose headers   'cache-control': 'max-age=300',
58 verbose headers   'content-length': '10999',
58 verbose headers   'accept-ranges': 'bytes',
58 verbose headers   date: 'Sat, 11 Nov 2017 14:52:25 GMT',
58 verbose headers   via: '1.1 varnish',
58 verbose headers   age: '272',
58 verbose headers   connection: 'keep-alive',
58 verbose headers   'x-served-by': 'cache-gru17134-GRU',
58 verbose headers   'x-cache': 'HIT',
58 verbose headers   'x-cache-hits': '1',
58 verbose headers   'x-timer': 'S1510411946.769138,VS0,VE0',
58 verbose headers   vary: 'Accept-Encoding, Accept' }
59 silly get cb [ 200,
59 silly get   { server: 'nginx/1.10.3',
59 silly get     'content-type': 'application/json',
59 silly get     'last-modified': 'Fri, 10 Nov 2017 01:44:32 GMT',
59 silly get     etag: 'W/"5a050480-16374"',
59 silly get     'content-encoding': 'gzip',
59 silly get     'cache-control': 'max-age=300',
59 silly get     'content-length': '10999',
59 silly get     'accept-ranges': 'bytes',
59 silly get     date: 'Sat, 11 Nov 2017 14:52:25 GMT',
59 silly get     via: '1.1 varnish',
59 silly get     age: '272',
59 silly get     connection: 'keep-alive',
59 silly get     'x-served-by': 'cache-gru17134-GRU',
59 silly get     'x-cache': 'HIT',
59 silly get     'x-cache-hits': '1',
59 silly get     'x-timer': 'S1510411946.769138,VS0,VE0',
59 silly get     vary: 'Accept-Encoding, Accept' } ]
60 verbose get saving jquery to C:\Users\fvg\AppData\Roaming\npm-cache\registry.npmjs.org\jquery\.cache.json
61 verbose correctMkdir C:\Users\fvg\AppData\Roaming\npm-cache correctMkdir already in flight; waiting
62 verbose makeDirectory C:\Users\fvg\AppData\Roaming\npm-cache creation not in flight; initializing
63 verbose makeCacheDir UID & GID are irrelevant on win32
64 silly resolveWithNewModule jquery@3.2.1 checking installable status
65 silly cache add args [ 'jquery@^3.2.1', null ]
66 verbose cache add spec jquery@^3.2.1
67 silly cache add parsed spec Result {
67 silly cache add   raw: 'jquery@^3.2.1',
67 silly cache add   scope: null,
67 silly cache add   escapedName: 'jquery',
67 silly cache add   name: 'jquery',
67 silly cache add   rawSpec: '^3.2.1',
67 silly cache add   spec: '>=3.2.1 <4.0.0',
67 silly cache add   type: 'range' }
68 silly addNamed jquery@>=3.2.1 <4.0.0
69 verbose addNamed ">=3.2.1 <4.0.0" is a valid semver range for jquery
70 silly addNameRange { name: 'jquery', range: '>=3.2.1 <4.0.0', hasData: false }
71 silly mapToRegistry name jquery
72 silly mapToRegistry using default registry
73 silly mapToRegistry registry https://registry.npmjs.org/
74 silly mapToRegistry data Result {
74 silly mapToRegistry   raw: 'jquery',
74 silly mapToRegistry   scope: null,
74 silly mapToRegistry   escapedName: 'jquery',
74 silly mapToRegistry   name: 'jquery',
74 silly mapToRegistry   rawSpec: '',
74 silly mapToRegistry   spec: 'latest',
74 silly mapToRegistry   type: 'tag' }
75 silly mapToRegistry uri https://registry.npmjs.org/jquery
76 verbose addNameRange registry:https://registry.npmjs.org/jquery not in flight; fetching
77 silly resolveWithNewModule bootstrap@3.3.7 checking installable status
78 silly cache add args [ 'bootstrap@^3.3.7', null ]
79 verbose cache add spec bootstrap@^3.3.7
80 silly cache add parsed spec Result {
80 silly cache add   raw: 'bootstrap@^3.3.7',
80 silly cache add   scope: null,
80 silly cache add   escapedName: 'bootstrap',
80 silly cache add   name: 'bootstrap',
80 silly cache add   rawSpec: '^3.3.7',
80 silly cache add   spec: '>=3.3.7 <4.0.0',
80 silly cache add   type: 'range' }
81 silly addNamed bootstrap@>=3.3.7 <4.0.0
82 verbose addNamed ">=3.3.7 <4.0.0" is a valid semver range for bootstrap
83 silly addNameRange { name: 'bootstrap', range: '>=3.3.7 <4.0.0', hasData: false }
84 silly mapToRegistry name bootstrap
85 silly mapToRegistry using default registry
86 silly mapToRegistry registry https://registry.npmjs.org/
87 silly mapToRegistry data Result {
87 silly mapToRegistry   raw: 'bootstrap',
87 silly mapToRegistry   scope: null,
87 silly mapToRegistry   escapedName: 'bootstrap',
87 silly mapToRegistry   name: 'bootstrap',
87 silly mapToRegistry   rawSpec: '',
87 silly mapToRegistry   spec: 'latest',
87 silly mapToRegistry   type: 'tag' }
88 silly mapToRegistry uri https://registry.npmjs.org/bootstrap
89 verbose addNameRange registry:https://registry.npmjs.org/bootstrap not in flight; fetching
90 verbose get https://registry.npmjs.org/jquery not expired, no request
91 silly addNameRange number 2 { name: 'jquery', range: '>=3.2.1 <4.0.0', hasData: true }
92 silly addNameRange versions [ 'jquery',
92 silly addNameRange   [ '1.5.1',
92 silly addNameRange     '1.6.2',
92 silly addNameRange     '1.6.3',
92 silly addNameRange     '1.7.2',
92 silly addNameRange     '1.7.3',
92 silly addNameRange     '1.8.2',
92 silly addNameRange     '1.8.3',
92 silly addNameRange     '2.1.0-beta2',
92 silly addNameRange     '2.1.0-beta3',
92 silly addNameRange     '1.11.0-beta3',
92 silly addNameRange     '1.11.0-rc1',
92 silly addNameRange     '2.1.0-rc1',
92 silly addNameRange     '1.11.0',
92 silly addNameRange     '2.1.0',
92 silly addNameRange     '2.1.1-beta1',
92 silly addNameRange     '1.11.1-beta1',
92 silly addNameRange     '2.1.1-rc1',
92 silly addNameRange     '1.11.1-rc1',
92 silly addNameRange     '2.1.1-rc2',
92 silly addNameRange     '1.11.1-rc2',
92 silly addNameRange     '2.1.1',
92 silly addNameRange     '1.11.1',
92 silly addNameRange     '1.9.1',
92 silly addNameRange     '2.1.2',
92 silly addNameRange     '1.11.2',
92 silly addNameRange     '2.1.3',
92 silly addNameRange     '2.1.4',
92 silly addNameRange     '1.11.3',
92 silly addNameRange     '3.0.0-alpha1',
92 silly addNameRange     '1.12.0',
92 silly addNameRange     '2.2.0',
92 silly addNameRange     '3.0.0-beta1',
92 silly addNameRange     '1.12.1',
92 silly addNameRange     '2.2.1',
92 silly addNameRange     '1.12.2',
92 silly addNameRange     '2.2.2',
92 silly addNameRange     '1.12.3',
92 silly addNameRange     '2.2.3',
92 silly addNameRange     '1.12.4',
92 silly addNameRange     '2.2.4',
92 silly addNameRange     '3.0.0-rc1',
92 silly addNameRange     '3.0.0',
92 silly addNameRange     '3.1.0',
92 silly addNameRange     '3.1.1',
92 silly addNameRange     '3.2.0',
92 silly addNameRange     '3.2.1' ] ]
93 silly addNamed jquery@3.2.1
94 verbose addNamed "3.2.1" is a plain semver version for jquery
95 verbose get https://registry.npmjs.org/bootstrap not expired, no request
96 silly addNameRange number 2 { name: 'bootstrap', range: '>=3.3.7 <4.0.0', hasData: true }
97 silly addNameRange versions [ 'bootstrap',
97 silly addNameRange   [ '0.0.1',
97 silly addNameRange     '0.0.2',
97 silly addNameRange     '3.1.1',
97 silly addNameRange     '3.2.0',
97 silly addNameRange     '3.3.0',
97 silly addNameRange     '3.3.1',
97 silly addNameRange     '3.3.2',
97 silly addNameRange     '3.3.4',
97 silly addNameRange     '3.3.5',
97 silly addNameRange     '3.3.6',
97 silly addNameRange     '4.0.0-alpha.2',
97 silly addNameRange     '3.3.7',
97 silly addNameRange     '4.0.0-alpha.3',
97 silly addNameRange     '4.0.0-alpha.4',
97 silly addNameRange     '4.0.0-alpha.5',
97 silly addNameRange     '4.0.0-alpha.6',
97 silly addNameRange     '4.0.0-beta',
97 silly addNameRange     '4.0.0-beta.2' ] ]
98 silly addNamed bootstrap@3.3.7
99 verbose addNamed "3.3.7" is a plain semver version for bootstrap
100 silly mapToRegistry name jquery
101 silly mapToRegistry using default registry
102 silly mapToRegistry registry https://registry.npmjs.org/
103 silly mapToRegistry data Result {
103 silly mapToRegistry   raw: 'jquery',
103 silly mapToRegistry   scope: null,
103 silly mapToRegistry   escapedName: 'jquery',
103 silly mapToRegistry   name: 'jquery',
103 silly mapToRegistry   rawSpec: '',
103 silly mapToRegistry   spec: 'latest',
103 silly mapToRegistry   type: 'tag' }
104 silly mapToRegistry uri https://registry.npmjs.org/jquery
105 verbose addRemoteTarball https://registry.npmjs.org/jquery/-/jquery-3.2.1.tgz not in flight; adding
106 verbose addRemoteTarball [ 'https://registry.npmjs.org/jquery/-/jquery-3.2.1.tgz',
106 verbose addRemoteTarball   '5c4d9de652af6cd0a770154a631bba12b015c787' ]
107 silly mapToRegistry name bootstrap
108 silly mapToRegistry using default registry
109 silly mapToRegistry registry https://registry.npmjs.org/
110 silly mapToRegistry data Result {
110 silly mapToRegistry   raw: 'bootstrap',
110 silly mapToRegistry   scope: null,
110 silly mapToRegistry   escapedName: 'bootstrap',
110 silly mapToRegistry   name: 'bootstrap',
110 silly mapToRegistry   rawSpec: '',
110 silly mapToRegistry   spec: 'latest',
110 silly mapToRegistry   type: 'tag' }
111 silly mapToRegistry uri https://registry.npmjs.org/bootstrap
112 verbose addRemoteTarball https://registry.npmjs.org/bootstrap/-/bootstrap-3.3.7.tgz not in flight; adding
113 verbose addRemoteTarball [ 'https://registry.npmjs.org/bootstrap/-/bootstrap-3.3.7.tgz',
113 verbose addRemoteTarball   '5a389394549f23330875a3b150656574f8a9eb71' ]
114 info retry fetch attempt 1 at 11:52:34
115 info attempt registry request try #1 at 11:52:34
116 http fetch GET https://registry.npmjs.org/jquery/-/jquery-3.2.1.tgz
117 info retry fetch attempt 1 at 11:52:34
118 info attempt registry request try #1 at 11:52:34
119 http fetch GET https://registry.npmjs.org/bootstrap/-/bootstrap-3.3.7.tgz
120 http fetch 200 https://registry.npmjs.org/jquery/-/jquery-3.2.1.tgz
121 http fetch 200 https://registry.npmjs.org/bootstrap/-/bootstrap-3.3.7.tgz
122 http 200 https://registry.npmjs.org/@types%2fjquery
123 verbose headers { 'content-type': 'application/json',
123 verbose headers   server: 'nginx/1.10.3',
123 verbose headers   'last-modified': 'Mon, 30 Oct 2017 15:13:22 GMT',
123 verbose headers   etag: 'W/"59f74192-19a36"',
123 verbose headers   'content-encoding': 'gzip',
123 verbose headers   'cache-control': 'max-age=0',
123 verbose headers   'transfer-encoding': 'chunked',
123 verbose headers   'accept-ranges': 'bytes',
123 verbose headers   date: 'Sat, 11 Nov 2017 14:52:26 GMT',
123 verbose headers   via: '1.1 varnish',
123 verbose headers   age: '0',
123 verbose headers   connection: 'keep-alive',
123 verbose headers   'x-served-by': 'cache-gru17133-GRU',
123 verbose headers   'x-cache': 'MISS',
123 verbose headers   'x-cache-hits': '0',
123 verbose headers   'x-timer': 'S1510411946.766276,VS0,VE820',
123 verbose headers   vary: 'Accept-Encoding' }
124 silly get cb [ 200,
124 silly get   { 'content-type': 'application/json',
124 silly get     server: 'nginx/1.10.3',
124 silly get     'last-modified': 'Mon, 30 Oct 2017 15:13:22 GMT',
124 silly get     etag: 'W/"59f74192-19a36"',
124 silly get     'content-encoding': 'gzip',
124 silly get     'cache-control': 'max-age=0',
124 silly get     'transfer-encoding': 'chunked',
124 silly get     'accept-ranges': 'bytes',
124 silly get     date: 'Sat, 11 Nov 2017 14:52:26 GMT',
124 silly get     via: '1.1 varnish',
124 silly get     age: '0',
124 silly get     connection: 'keep-alive',
124 silly get     'x-served-by': 'cache-gru17133-GRU',
124 silly get     'x-cache': 'MISS',
124 silly get     'x-cache-hits': '0',
124 silly get     'x-timer': 'S1510411946.766276,VS0,VE820',
124 silly get     vary: 'Accept-Encoding' } ]
125 verbose get saving @types/jquery to C:\Users\fvg\AppData\Roaming\npm-cache\registry.npmjs.org\_40types_252fjquery\.cache.json
126 verbose correctMkdir C:\Users\fvg\AppData\Roaming\npm-cache correctMkdir not in flight; initializing
127 silly resolveWithNewModule @types/jquery@3.2.16 checking installable status
128 silly cache add args [ '@types/jquery@^3.2.16', null ]
129 verbose cache add spec @types/jquery@^3.2.16
130 silly cache add parsed spec Result {
130 silly cache add   raw: '@types/jquery@^3.2.16',
130 silly cache add   scope: '@types',
130 silly cache add   escapedName: '@types%2fjquery',
130 silly cache add   name: '@types/jquery',
130 silly cache add   rawSpec: '^3.2.16',
130 silly cache add   spec: '>=3.2.16 <4.0.0',
130 silly cache add   type: 'range' }
131 silly addNamed @types/jquery@>=3.2.16 <4.0.0
132 verbose addNamed ">=3.2.16 <4.0.0" is a valid semver range for @types/jquery
133 silly addNameRange { name: '@types/jquery',
133 silly addNameRange   range: '>=3.2.16 <4.0.0',
133 silly addNameRange   hasData: false }
134 silly mapToRegistry name @types/jquery
135 silly mapToRegistry scope (from package name) @types
136 verbose mapToRegistry no registry URL found in name for scope @types
137 silly mapToRegistry using default registry
138 silly mapToRegistry registry https://registry.npmjs.org/
139 silly mapToRegistry data Result {
139 silly mapToRegistry   raw: '@types/jquery',
139 silly mapToRegistry   scope: '@types',
139 silly mapToRegistry   escapedName: '@types%2fjquery',
139 silly mapToRegistry   name: '@types/jquery',
139 silly mapToRegistry   rawSpec: '',
139 silly mapToRegistry   spec: 'latest',
139 silly mapToRegistry   type: 'tag' }
140 silly mapToRegistry uri https://registry.npmjs.org/@types%2fjquery
141 verbose addNameRange registry:https://registry.npmjs.org/@types%2fjquery not in flight; fetching
142 verbose get https://registry.npmjs.org/@types%2fjquery not expired, no request
143 silly addNameRange number 2 { name: '@types/jquery',
143 silly addNameRange   range: '>=3.2.16 <4.0.0',
143 silly addNameRange   hasData: true }
144 silly addNameRange versions [ '@types/jquery',
144 silly addNameRange   [ '1.10.8-alpha',
144 silly addNameRange     '1.10.14-alpha',
144 silly addNameRange     '1.10.15-alpha',
144 silly addNameRange     '1.10.20-alpha',
144 silly addNameRange     '1.10.21-alpha',
144 silly addNameRange     '1.10.22-alpha',
144 silly addNameRange     '1.10.23-alpha',
144 silly addNameRange     '1.10.24-alpha',
144 silly addNameRange     '1.10.25-alpha',
144 silly addNameRange     '1.10.26-alpha',
144 silly addNameRange     '1.10.27',
144 silly addNameRange     '1.10.28',
144 silly addNameRange     '1.10.29',
144 silly addNameRange     '1.10.30',
144 silly addNameRange     '1.10.31',
144 silly addNameRange     '2.0.32',
144 silly addNameRange     '2.0.33',
144 silly addNameRange     '2.0.34',
144 silly addNameRange     '2.0.35',
144 silly addNameRange     '2.0.36',
144 silly addNameRange     '2.0.37',
144 silly addNameRange     '2.0.38',
144 silly addNameRange     '2.0.39',
144 silly addNameRange     '2.0.40',
144 silly addNameRange     '2.0.41',
144 silly addNameRange     '2.0.42',
144 silly addNameRange     '2.0.43',
144 silly addNameRange     '2.0.44',
144 silly addNameRange     '2.0.45',
144 silly addNameRange     '2.0.46',
144 silly addNameRange     '1.10.32',
144 silly addNameRange     '3.2.0',
144 silly addNameRange     '2.0.47',
144 silly addNameRange     '3.2.1',
144 silly addNameRange     '3.2.2',
144 silly addNameRange     '3.2.3',
144 silly addNameRange     '3.2.4',
144 silly addNameRange     '3.2.5',
144 silly addNameRange     '2.0.48',
144 silly addNameRange     '1.10.33',
144 silly addNameRange     '3.2.6',
144 silly addNameRange     '3.2.7',
144 silly addNameRange     '3.2.8',
144 silly addNameRange     '3.2.9',
144 silly addNameRange     '3.2.10',
144 silly addNameRange     '3.2.11',
144 silly addNameRange     '3.2.12',
144 silly addNameRange     '3.2.13',
144 silly addNameRange     '3.2.14',
144 silly addNameRange     '3.2.15',
144 silly addNameRange     '3.2.16' ] ]
145 silly addNamed @types/jquery@3.2.16
146 verbose addNamed "3.2.16" is a plain semver version for @types/jquery
147 silly mapToRegistry name @types/jquery
148 silly mapToRegistry scope (from package name) @types
149 verbose mapToRegistry no registry URL found in name for scope @types
150 silly mapToRegistry using default registry
151 silly mapToRegistry registry https://registry.npmjs.org/
152 silly mapToRegistry data Result {
152 silly mapToRegistry   raw: '@types/jquery',
152 silly mapToRegistry   scope: '@types',
152 silly mapToRegistry   escapedName: '@types%2fjquery',
152 silly mapToRegistry   name: '@types/jquery',
152 silly mapToRegistry   rawSpec: '',
152 silly mapToRegistry   spec: 'latest',
152 silly mapToRegistry   type: 'tag' }
153 silly mapToRegistry uri https://registry.npmjs.org/@types%2fjquery
154 verbose addRemoteTarball https://registry.npmjs.org/@types/jquery/-/jquery-3.2.16.tgz not in flight; adding
155 verbose addRemoteTarball [ 'https://registry.npmjs.org/@types/jquery/-/jquery-3.2.16.tgz',
155 verbose addRemoteTarball   '04419c404a3194350e7d3f339a90e72c88db3111' ]
156 info retry fetch attempt 1 at 11:52:35
157 info attempt registry request try #1 at 11:52:35
158 http fetch GET https://registry.npmjs.org/@types/jquery/-/jquery-3.2.16.tgz
159 warn retry will retry, error on last attempt: Error: EBUSY: resource busy or locked, rename 'C:\Users\fvg\AppData\Local\Temp\npm-340-26444e77\registry.npmjs.org\jquery\-\jquery-3.2.1.tgz.2218250261' -> 'C:\Users\fvg\AppData\Local\Temp\npm-340-26444e77\registry.npmjs.org\jquery\-\jquery-3.2.1.tgz'
160 verbose stack TypeError: tarball.destroy is not a function
160 verbose stack     at WriteStreamAtomic.<anonymous> (C:\Program Files\nodejs\node_modules\npm\lib\cache\add-remote-tarball.js:97:15)
160 verbose stack     at emitOne (events.js:101:20)
160 verbose stack     at WriteStreamAtomic.emit (events.js:188:7)
160 verbose stack     at WriteStreamAtomic.emit (C:\Program Files\nodejs\node_modules\npm\node_modules\fs-write-stream-atomic\index.js:60:34)
160 verbose stack     at C:\Program Files\nodejs\node_modules\npm\node_modules\fs-write-stream-atomic\index.js:89:19
160 verbose stack     at FSReqWrap.oncomplete (fs.js:123:15)
161 verbose cwd C:\Users\fvg\Documents\Ezequiel\practicasegundoparc
162 error Windows_NT 10.0.15063
163 error argv "C:\\Program Files\\nodejs\\node.exe" "C:\\Program Files\\nodejs\\node_modules\\npm\\bin\\npm-cli.js" "install"
164 error node v6.11.4
165 error npm  v3.10.10
166 error tarball.destroy is not a function
167 error If you need help, you may report this error at:
167 error     <https://github.com/npm/npm/issues>
168 verbose exit [ 1, true ]
